[2026-05-05 00:30:21] [INFO] EduSys starting up (Week 9 skeleton).
[2026-05-05 00:30:21] [INFO] EduSys shutdown normally.
[2026-05-05 00:35:08] [INFO] EduSys starting up (Week 9 skeleton).
[2026-05-05 00:35:08] [INFO] EduSys shutdown normally.
[2026-05-05 00:41:10] [INFO] EduSys starting up (Week 9 skeleton).
[2026-05-05 00:41:10] [INFO] EduSys shutdown normally.
[2026-05-05 01:20:59] [INFO] EduSys starting up (Week 10: storage round-trip self-check).
[2026-05-05 01:20:59] [INFO] All repositories empty -> seeding initial sample data.
[2026-05-05 01:20:59] [INFO] Repo state: users=4(first=admin) students=2(first=S001) teachers=1(first=T001) courses=1(first=C001) scores=2(first=S001/C001)
[2026-05-05 01:20:59] [INFO] EduSys shutdown normally.
[2026-05-05 01:21:24] [INFO] EduSys starting up (Week 10: storage round-trip self-check).
[2026-05-05 01:21:24] [INFO] Existing data files detected -> skip seeding.
[2026-05-05 01:21:24] [INFO] Repo state: users=4(first=admin) students=2(first=S001) teachers=1(first=T001) courses=1(first=C001) scores=2(first=S001/C001)
[2026-05-05 01:21:24] [INFO] EduSys shutdown normally.
[2026-05-05 11:05:03] [INFO] EduSys starting up (Week 10: storage round-trip self-check).
[2026-05-05 11:05:03] [INFO] Existing data files detected -> skip seeding.
[2026-05-05 11:05:03] [INFO] Repo state: users=4(first=admin) students=2(first=S001) teachers=1(first=T001) courses=1(first=C001) scores=2(first=S001/C001)
[2026-05-05 11:05:03] [INFO] EduSys shutdown normally.
[2026-05-05 11:05:03] [INFO] EduSys starting up (Week 10: storage round-trip self-check).
[2026-05-05 11:05:03] [INFO] Existing data files detected -> skip seeding.
[2026-05-05 11:05:03] [INFO] Repo state: users=4(first=admin) students=2(first=S001) teachers=1(first=T001) courses=1(first=C001) scores=2(first=S001/C001)
[2026-05-05 11:05:03] [INFO] EduSys shutdown normally.
[2026-05-05 11:17:05] [INFO] EduSys starting up (Week 10: storage round-trip self-check).
[2026-05-05 11:17:05] [INFO] Existing data files detected -> skip seeding.
[2026-05-05 11:17:05] [INFO] Repo state: users=4(first=admin) students=2(first=S001) teachers=1(first=T001) courses=1(first=C001) scores=2(first=S001/C001)
[2026-05-05 11:17:05] [INFO] EduSys shutdown normally.
[2026-05-05 11:17:05] [INFO] EduSys starting up (Week 9 skeleton).
[2026-05-05 11:17:05] [INFO] EduSys shutdown normally.
[2026-05-05 11:17:58] [INFO] EduSys starting up (Week 10: storage round-trip self-check).
[2026-05-05 11:17:58] [INFO] Existing data files detected -> skip seeding.
[2026-05-05 11:17:58] [INFO] Repo state: users=4(first=admin) students=2(first=S001) teachers=1(first=T001) courses=1(first=C001) scores=2(first=S001/C001)
[2026-05-05 11:17:58] [INFO] EduSys shutdown normally.
[2026-05-05 11:18:44] [INFO] EduSys starting up (Week 10: storage round-trip self-check).
[2026-05-05 11:18:44] [INFO] Existing data files detected -> skip seeding.
[2026-05-05 11:18:44] [INFO] Repo state: users=4(first=admin) students=2(first=S001) teachers=1(first=T001) courses=1(first=C001) scores=2(first=S001/C001)
[2026-05-05 11:18:44] [INFO] EduSys shutdown normally.
[2026-05-05 11:18:44] [INFO] EduSys starting up (Week 10: storage round-trip self-check).
[2026-05-05 11:18:44] [INFO] Existing data files detected -> skip seeding.
[2026-05-05 11:18:44] [INFO] Repo state: users=4(first=admin) students=2(first=S001) teachers=1(first=T001) courses=1(first=C001) scores=2(first=S001/C001)
[2026-05-05 11:18:44] [INFO] EduSys shutdown normally.
[2026-05-05 11:59:59] [INFO] EduSys starting up (Week 11: services + self-check).
[2026-05-05 11:59:59] [INFO] All repositories empty -> seeding initial sample data.
[2026-05-05 11:59:59] [INFO] Auth OK: 'admin'
[2026-05-05 11:59:59] [WARN] Auth failed: bad password for 'admin'
[2026-05-05 11:59:59] [INFO] Student created: S003
[2026-05-05 11:59:59] [INFO] Score created: S003/C001/2025-2026-1
[2026-05-05 11:59:59] [INFO] Score updated: S001/C001/2025-2026-1
[2026-05-05 11:59:59] [INFO] Student removed (cascade): id=S002 scores=-1 users=-1
[2026-05-05 11:59:59] [INFO] Week 11 mutation block executed (S003 created, S001 score updated, S002 cascade-deleted).
[2026-05-05 11:59:59] [INFO] Week 11 self-check PASSED.
[2026-05-05 11:59:59] [INFO] Repo state: users=3(first=admin) students=2(first=S001) teachers=1(first=T001) courses=1(first=C001) scores=2(first=S001/C001)
[2026-05-05 11:59:59] [INFO] EduSys shutdown normally.
[2026-05-05 12:00:09] [INFO] EduSys starting up (Week 11: services + self-check).
[2026-05-05 12:00:09] [INFO] Existing data files detected -> skip seeding.
[2026-05-05 12:00:09] [INFO] Auth OK: 'admin'
[2026-05-05 12:00:09] [WARN] Auth failed: bad password for 'admin'
[2026-05-05 12:00:09] [INFO] Week 11 self-check PASSED.
[2026-05-05 12:00:09] [INFO] Repo state: users=3(first=admin) students=2(first=S001) teachers=1(first=T001) courses=1(first=C001) scores=2(first=S001/C001)
[2026-05-05 12:00:09] [INFO] EduSys shutdown normally.
[2026-05-05 13:57:27] [INFO] EduSys starting up (mode=self-test).
[2026-05-05 13:57:27] [INFO] Existing data files detected -> skip seeding.
[2026-05-05 13:57:27] [INFO] Auth OK: 'admin'
[2026-05-05 13:57:27] [WARN] Auth failed: bad password for 'admin'
[2026-05-05 13:57:27] [INFO] Week 11 self-check PASSED.
[2026-05-05 13:57:27] [INFO] EduSys shutdown normally (self-test).
[2026-05-05 13:58:29] [INFO] EduSys starting up (mode=interactive).
[2026-05-05 13:58:29] [INFO] Existing data files detected -> skip seeding.
[2026-05-05 13:58:29] [INFO] Auth OK: 'admin'
[2026-05-05 13:58:29] [INFO] Student created: S004
[2026-05-05 13:58:29] [INFO] Score created: S004/C001/2025-2026-1
[2026-05-05 13:58:29] [INFO] Warning report exported: hits=1 path=data/warning_report.txt
[2026-05-05 13:58:29] [INFO] Auth OK: 't001'
[2026-05-05 13:58:29] [INFO] Auth OK: 's001'
[2026-05-05 13:58:29] [INFO] EduSys shutdown normally (interactive).
[2026-05-05 14:04:25] [INFO] EduSys starting up (mode=self-test).
[2026-05-05 14:04:25] [INFO] Existing data files detected -> skip seeding.
[2026-05-05 14:04:25] [INFO] Auth OK: 'admin'
[2026-05-05 14:04:25] [WARN] Auth failed: bad password for 'admin'
[2026-05-05 14:04:25] [INFO] Week 11 self-check PASSED.
[2026-05-05 14:04:25] [INFO] EduSys shutdown normally (self-test).
[2026-05-05 14:56:47] [INFO] EduSys starting up (mode=self-test).
[2026-05-05 14:56:47] [INFO] Existing data files detected -> skip seeding.
[2026-05-05 14:56:47] [INFO] Auth OK: 'admin'
[2026-05-05 14:56:47] [WARN] Auth failed: bad password for 'admin'
[2026-05-05 14:56:47] [INFO] Week 11 self-check PASSED.
[2026-05-05 14:56:47] [WARN] Auth failed: unknown user 'no_such_user'
[2026-05-05 14:56:47] [WARN] Auth failed: bad password for 'admin'
[2026-05-05 14:56:47] [INFO] Week 13 boundary check PASSED.
[2026-05-05 14:56:47] [INFO] EduSys shutdown normally (self-test).
[2026-05-05 15:09:23] [INFO] EduSys starting up (mode=self-test).
[2026-05-05 15:09:23] [INFO] Existing data files detected -> skip seeding.
[2026-05-05 15:09:23] [INFO] Auth OK: 'admin'
[2026-05-05 15:09:23] [WARN] Auth failed: bad password for 'admin'
[2026-05-05 15:09:23] [ERROR] Fatal: Self-check: score for S003 should exist
[2026-05-05 15:09:24] [INFO] EduSys starting up (mode=self-test).
[2026-05-05 15:09:24] [INFO] Existing data files detected -> skip seeding.
[2026-05-05 15:09:24] [ERROR] Fatal: Bad magic in data/users.dat
[2026-05-05 15:09:24] [INFO] EduSys starting up (mode=self-test).
[2026-05-05 15:09:24] [INFO] Existing data files detected -> skip seeding.
[2026-05-05 15:09:24] [INFO] Auth OK: 'admin'
[2026-05-05 15:09:24] [WARN] Auth failed: bad password for 'admin'
[2026-05-05 15:09:24] [ERROR] Fatal: Unexpected EOF reading: data/scores.dat
[2026-05-05 15:09:24] [INFO] EduSys starting up (mode=self-test).
[2026-05-05 15:09:24] [INFO] Existing data files detected -> skip seeding.
[2026-05-05 15:09:24] [INFO] Auth OK: 'admin'
[2026-05-05 15:09:24] [WARN] Auth failed: bad password for 'admin'
[2026-05-05 15:09:24] [INFO] Week 11 self-check PASSED.
[2026-05-05 15:09:24] [WARN] Auth failed: unknown user 'no_such_user'
[2026-05-05 15:09:24] [WARN] Auth failed: bad password for 'admin'
[2026-05-05 15:09:24] [INFO] Week 13 boundary check PASSED.
[2026-05-05 15:09:24] [INFO] EduSys shutdown normally (self-test).
[2026-05-05 15:19:25] [INFO] EduSys starting up (mode=self-test).
[2026-05-05 15:19:25] [INFO] Existing data files detected -> skip seeding.
[2026-05-05 15:19:25] [INFO] Auth OK: 'admin'
[2026-05-05 15:19:25] [WARN] Auth failed: bad password for 'admin'
[2026-05-05 15:19:25] [INFO] Week 11 self-check PASSED.
[2026-05-05 15:19:25] [WARN] Auth failed: unknown user 'no_such_user'
[2026-05-05 15:19:25] [WARN] Auth failed: bad password for 'admin'
[2026-05-05 15:19:25] [INFO] Week 13 boundary check PASSED.
[2026-05-05 15:19:25] [INFO] EduSys shutdown normally (self-test).
[2026-05-05 15:19:25] [INFO] EduSys starting up (mode=self-test).
[2026-05-05 15:19:25] [INFO] Existing data files detected -> skip seeding.
[2026-05-05 15:19:25] [INFO] Auth OK: 'admin'
[2026-05-05 15:19:25] [WARN] Auth failed: bad password for 'admin'
[2026-05-05 15:19:25] [ERROR] Fatal: Self-check: score for S003 should exist
[2026-05-05 15:19:25] [INFO] EduSys starting up (mode=self-test).
[2026-05-05 15:19:25] [INFO] Existing data files detected -> skip seeding.
[2026-05-05 15:19:25] [ERROR] Fatal: Bad magic in data/users.dat
[2026-05-05 15:19:26] [INFO] EduSys starting up (mode=self-test).
[2026-05-05 15:19:26] [INFO] Existing data files detected -> skip seeding.
[2026-05-05 15:19:26] [INFO] Auth OK: 'admin'
[2026-05-05 15:19:26] [WARN] Auth failed: bad password for 'admin'
[2026-05-05 15:19:26] [ERROR] Fatal: Unexpected EOF reading: data/scores.dat
[2026-05-05 15:19:26] [INFO] EduSys starting up (mode=self-test).
[2026-05-05 15:19:26] [INFO] Existing data files detected -> skip seeding.
[2026-05-05 15:19:26] [INFO] Auth OK: 'admin'
[2026-05-05 15:19:26] [WARN] Auth failed: bad password for 'admin'
[2026-05-05 15:19:26] [INFO] Week 11 self-check PASSED.
[2026-05-05 15:19:26] [WARN] Auth failed: unknown user 'no_such_user'
[2026-05-05 15:19:26] [WARN] Auth failed: bad password for 'admin'
[2026-05-05 15:19:26] [INFO] Week 13 boundary check PASSED.
[2026-05-05 15:19:26] [INFO] EduSys shutdown normally (self-test).
[2026-05-05 15:40:35] [INFO] EduSys starting up (mode=interactive).
[2026-05-05 15:40:35] [INFO] Existing data files detected -> skip seeding.
[2026-05-05 15:40:35] [INFO] Auth OK: 'admin'
[2026-05-05 15:40:35] [INFO] CourseStats CSV exported: courseId=C001 path=data/course_stats_C001.csv
[2026-05-05 15:40:35] [INFO] Ranking CSV exported: courseId=C001 rows=3 path=data/ranking_C001.csv
[2026-05-05 15:40:35] [INFO] EduSys shutdown normally (interactive).
[2026-05-05 15:46:02] [INFO] EduSys starting up (mode=self-test).
[2026-05-05 15:46:02] [INFO] Existing data files detected -> skip seeding.
[2026-05-05 15:46:02] [INFO] Auth OK: 'admin'
[2026-05-05 15:46:02] [WARN] Auth failed: bad password for 'admin'
[2026-05-05 15:46:02] [INFO] Week 11 self-check PASSED.
[2026-05-05 15:46:02] [WARN] Auth failed: unknown user 'no_such_user'
[2026-05-05 15:46:02] [WARN] Auth failed: bad password for 'admin'
[2026-05-05 15:46:02] [INFO] Week 13 boundary check PASSED.
[2026-05-05 15:46:02] [INFO] EduSys shutdown normally (self-test).
[2026-05-05 15:46:14] [INFO] EduSys starting up (mode=self-test).
[2026-05-05 15:46:14] [INFO] Existing data files detected -> skip seeding.
[2026-05-05 15:46:14] [INFO] Auth OK: 'admin'
[2026-05-05 15:46:14] [WARN] Auth failed: bad password for 'admin'
[2026-05-05 15:46:14] [ERROR] Fatal: Self-check: score for S003 should exist
[2026-05-05 15:46:14] [INFO] EduSys starting up (mode=self-test).
[2026-05-05 15:46:14] [INFO] Existing data files detected -> skip seeding.
[2026-05-05 15:46:14] [ERROR] Fatal: Bad magic in data/users.dat
[2026-05-05 15:46:14] [INFO] EduSys starting up (mode=self-test).
[2026-05-05 15:46:14] [INFO] Existing data files detected -> skip seeding.
[2026-05-05 15:46:14] [INFO] Auth OK: 'admin'
[2026-05-05 15:46:14] [WARN] Auth failed: bad password for 'admin'
[2026-05-05 15:46:14] [ERROR] Fatal: Unexpected EOF reading: data/scores.dat
[2026-05-05 15:46:14] [INFO] EduSys starting up (mode=self-test).
[2026-05-05 15:46:14] [INFO] Existing data files detected -> skip seeding.
[2026-05-05 15:46:14] [INFO] Auth OK: 'admin'
[2026-05-05 15:46:14] [WARN] Auth failed: bad password for 'admin'
[2026-05-05 15:46:14] [INFO] Week 11 self-check PASSED.
[2026-05-05 15:46:14] [WARN] Auth failed: unknown user 'no_such_user'
[2026-05-05 15:46:14] [WARN] Auth failed: bad password for 'admin'
[2026-05-05 15:46:14] [INFO] Week 13 boundary check PASSED.
[2026-05-05 15:46:14] [INFO] EduSys shutdown normally (self-test).
[2026-05-05 15:46:28] [INFO] EduSys starting up (mode=interactive).
[2026-05-05 15:46:28] [INFO] Existing data files detected -> skip seeding.
[2026-05-05 15:46:28] [INFO] Auth OK: 'admin'
[2026-05-05 15:46:28] [INFO] CourseStats CSV exported: courseId=C001 path=data/course_stats_C001.csv
[2026-05-05 15:46:28] [INFO] Ranking CSV exported: courseId=C001 rows=3 path=data/ranking_C001.csv
[2026-05-05 15:46:28] [INFO] EduSys shutdown normally (interactive).
